Analysis & Synthesis report for lab1
Thu Sep 21 10:28:09 2017
Quartus II 64-Bit Version 13.0.1 Build 232 06/12/2013 Service Pack 1 SJ Web Edition


---------------------
; Table of Contents ;
---------------------
  1. Legal Notice
  2. Analysis & Synthesis Summary
  3. Analysis & Synthesis Settings
  4. Parallel Compilation
  5. Analysis & Synthesis Source Files Read
  6. Analysis & Synthesis Resource Usage Summary
  7. Analysis & Synthesis Resource Utilization by Entity
  8. General Register Statistics
  9. Parameter Settings for User Entity Instance: Top-level Entity: |lab1
 10. Parameter Settings for User Entity Instance: multiplier:gen_muls[0].m
 11. Parameter Settings for User Entity Instance: multiplier:gen_muls[1].m
 12. Parameter Settings for User Entity Instance: multiplier:gen_muls[2].m
 13. Parameter Settings for User Entity Instance: multiplier:gen_muls[3].m
 14. Parameter Settings for User Entity Instance: multiplier:gen_muls[4].m
 15. Parameter Settings for User Entity Instance: multiplier:gen_muls[5].m
 16. Parameter Settings for User Entity Instance: multiplier:gen_muls[6].m
 17. Parameter Settings for User Entity Instance: multiplier:gen_muls[7].m
 18. Parameter Settings for User Entity Instance: multiplier:gen_muls[8].m
 19. Parameter Settings for User Entity Instance: multiplier:gen_muls[9].m
 20. Parameter Settings for User Entity Instance: adder:x1_1
 21. Parameter Settings for User Entity Instance: adder:x3_1
 22. Parameter Settings for User Entity Instance: adder:x5_1
 23. Parameter Settings for User Entity Instance: adder:x7_1
 24. Parameter Settings for User Entity Instance: adder:x9_1
 25. Parameter Settings for User Entity Instance: adder:x11_1
 26. Parameter Settings for User Entity Instance: adder:x13_1
 27. Parameter Settings for User Entity Instance: adder:x15_1
 28. Parameter Settings for User Entity Instance: adder:x1_2
 29. Parameter Settings for User Entity Instance: adder:x3_2
 30. Parameter Settings for User Entity Instance: adder:x5_2
 31. Parameter Settings for User Entity Instance: adder:x7_2
 32. Parameter Settings for User Entity Instance: adder:x1_3
 33. Parameter Settings for User Entity Instance: adder:x3_3
 34. Parameter Settings for User Entity Instance: adder:x1_4
 35. Parameter Settings for User Entity Instance: adder:x1_5
 36. Parameter Settings for User Entity Instance: func:f
 37. Port Connectivity Checks: "adder:x1_5"
 38. Port Connectivity Checks: "multiplier:gen_muls[9].m"
 39. Port Connectivity Checks: "multiplier:gen_muls[8].m"
 40. Port Connectivity Checks: "multiplier:gen_muls[7].m"
 41. Port Connectivity Checks: "multiplier:gen_muls[6].m"
 42. Port Connectivity Checks: "multiplier:gen_muls[5].m"
 43. Port Connectivity Checks: "multiplier:gen_muls[4].m"
 44. Port Connectivity Checks: "multiplier:gen_muls[3].m"
 45. Port Connectivity Checks: "multiplier:gen_muls[2].m"
 46. Port Connectivity Checks: "multiplier:gen_muls[1].m"
 47. Port Connectivity Checks: "multiplier:gen_muls[0].m"
 48. Elapsed Time Per Partition
 49. Analysis & Synthesis Messages



----------------
; Legal Notice ;
----------------
Copyright (C) 1991-2013 Altera Corporation
Your use of Altera Corporation's design tools, logic functions 
and other software and tools, and its AMPP partner logic 
functions, and any output files from any of the foregoing 
(including device programming or simulation files), and any 
associated documentation or information are expressly subject 
to the terms and conditions of the Altera Program License 
Subscription Agreement, Altera MegaCore Function License 
Agreement, or other applicable license agreement, including, 
without limitation, that your use is for the sole purpose of 
programming logic devices manufactured by Altera and sold by 
Altera or its authorized distributors.  Please refer to the 
applicable agreement for further details.



+--------------------------------------------------------------------------------------+
; Analysis & Synthesis Summary                                                         ;
+------------------------------------+-------------------------------------------------+
; Analysis & Synthesis Status        ; Successful - Thu Sep 21 10:28:09 2017           ;
; Quartus II 64-Bit Version          ; 13.0.1 Build 232 06/12/2013 SP 1 SJ Web Edition ;
; Revision Name                      ; lab1                                            ;
; Top-level Entity Name              ; lab1                                            ;
; Family                             ; Cyclone IV GX                                   ;
; Total logic elements               ; 0                                               ;
;     Total combinational functions  ; 0                                               ;
;     Dedicated logic registers      ; 0                                               ;
; Total registers                    ; 0                                               ;
; Total pins                         ; 210                                             ;
; Total virtual pins                 ; 0                                               ;
; Total memory bits                  ; 0                                               ;
; Embedded Multiplier 9-bit elements ; 0                                               ;
; Total GXB Receiver Channel PCS     ; 0                                               ;
; Total GXB Receiver Channel PMA     ; 0                                               ;
; Total GXB Transmitter Channel PCS  ; 0                                               ;
; Total GXB Transmitter Channel PMA  ; 0                                               ;
; Total PLLs                         ; 0                                               ;
+------------------------------------+-------------------------------------------------+


+----------------------------------------------------------------------------------------------------------------------+
; Analysis & Synthesis Settings                                                                                        ;
+----------------------------------------------------------------------------+--------------------+--------------------+
; Option                                                                     ; Setting            ; Default Value      ;
+----------------------------------------------------------------------------+--------------------+--------------------+
; Top-level entity name                                                      ; lab1               ; lab1               ;
; Family name                                                                ; Cyclone IV GX      ; Cyclone IV GX      ;
; Use smart compilation                                                      ; Off                ; Off                ;
; Enable parallel Assembler and TimeQuest Timing Analyzer during compilation ; On                 ; On                 ;
; Enable compact report table                                                ; Off                ; Off                ;
; Restructure Multiplexers                                                   ; Auto               ; Auto               ;
; Create Debugging Nodes for IP Cores                                        ; Off                ; Off                ;
; Preserve fewer node names                                                  ; On                 ; On                 ;
; Disable OpenCore Plus hardware evaluation                                  ; Off                ; Off                ;
; Verilog Version                                                            ; Verilog_2001       ; Verilog_2001       ;
; VHDL Version                                                               ; VHDL_1993          ; VHDL_1993          ;
; State Machine Processing                                                   ; Auto               ; Auto               ;
; Safe State Machine                                                         ; Off                ; Off                ;
; Extract Verilog State Machines                                             ; On                 ; On                 ;
; Extract VHDL State Machines                                                ; On                 ; On                 ;
; Ignore Verilog initial constructs                                          ; Off                ; Off                ;
; Iteration limit for constant Verilog loops                                 ; 5000               ; 5000               ;
; Iteration limit for non-constant Verilog loops                             ; 250                ; 250                ;
; Add Pass-Through Logic to Inferred RAMs                                    ; On                 ; On                 ;
; Infer RAMs from Raw Logic                                                  ; On                 ; On                 ;
; Parallel Synthesis                                                         ; On                 ; On                 ;
; DSP Block Balancing                                                        ; Auto               ; Auto               ;
; NOT Gate Push-Back                                                         ; On                 ; On                 ;
; Power-Up Don't Care                                                        ; On                 ; On                 ;
; Remove Redundant Logic Cells                                               ; Off                ; Off                ;
; Remove Duplicate Registers                                                 ; On                 ; On                 ;
; Ignore CARRY Buffers                                                       ; Off                ; Off                ;
; Ignore CASCADE Buffers                                                     ; Off                ; Off                ;
; Ignore GLOBAL Buffers                                                      ; Off                ; Off                ;
; Ignore ROW GLOBAL Buffers                                                  ; Off                ; Off                ;
; Ignore LCELL Buffers                                                       ; Off                ; Off                ;
; Ignore SOFT Buffers                                                        ; On                 ; On                 ;
; Limit AHDL Integers to 32 Bits                                             ; Off                ; Off                ;
; Optimization Technique                                                     ; Balanced           ; Balanced           ;
; Carry Chain Length                                                         ; 70                 ; 70                 ;
; Auto Carry Chains                                                          ; On                 ; On                 ;
; Auto Open-Drain Pins                                                       ; On                 ; On                 ;
; Perform WYSIWYG Primitive Resynthesis                                      ; Off                ; Off                ;
; Auto ROM Replacement                                                       ; On                 ; On                 ;
; Auto RAM Replacement                                                       ; On                 ; On                 ;
; Auto DSP Block Replacement                                                 ; On                 ; On                 ;
; Auto Shift Register Replacement                                            ; Auto               ; Auto               ;
; Allow Shift Register Merging across Hierarchies                            ; Auto               ; Auto               ;
; Auto Clock Enable Replacement                                              ; On                 ; On                 ;
; Strict RAM Replacement                                                     ; Off                ; Off                ;
; Allow Synchronous Control Signals                                          ; On                 ; On                 ;
; Force Use of Synchronous Clear Signals                                     ; Off                ; Off                ;
; Auto RAM Block Balancing                                                   ; On                 ; On                 ;
; Auto RAM to Logic Cell Conversion                                          ; Off                ; Off                ;
; Auto Resource Sharing                                                      ; Off                ; Off                ;
; Allow Any RAM Size For Recognition                                         ; Off                ; Off                ;
; Allow Any ROM Size For Recognition                                         ; Off                ; Off                ;
; Allow Any Shift Register Size For Recognition                              ; Off                ; Off                ;
; Use LogicLock Constraints during Resource Balancing                        ; On                 ; On                 ;
; Ignore translate_off and synthesis_off directives                          ; Off                ; Off                ;
; Timing-Driven Synthesis                                                    ; On                 ; On                 ;
; Report Parameter Settings                                                  ; On                 ; On                 ;
; Report Source Assignments                                                  ; On                 ; On                 ;
; Report Connectivity Checks                                                 ; On                 ; On                 ;
; Ignore Maximum Fan-Out Assignments                                         ; Off                ; Off                ;
; Synchronization Register Chain Length                                      ; 2                  ; 2                  ;
; PowerPlay Power Optimization                                               ; Normal compilation ; Normal compilation ;
; HDL message level                                                          ; Level2             ; Level2             ;
; Suppress Register Optimization Related Messages                            ; Off                ; Off                ;
; Number of Removed Registers Reported in Synthesis Report                   ; 5000               ; 5000               ;
; Number of Swept Nodes Reported in Synthesis Report                         ; 5000               ; 5000               ;
; Number of Inverted Registers Reported in Synthesis Report                  ; 100                ; 100                ;
; Clock MUX Protection                                                       ; On                 ; On                 ;
; Auto Gated Clock Conversion                                                ; Off                ; Off                ;
; Block Design Naming                                                        ; Auto               ; Auto               ;
; SDC constraint protection                                                  ; Off                ; Off                ;
; Synthesis Effort                                                           ; Auto               ; Auto               ;
; Shift Register Replacement - Allow Asynchronous Clear Signal               ; On                 ; On                 ;
; Pre-Mapping Resynthesis Optimization                                       ; Off                ; Off                ;
; Analysis & Synthesis Message Level                                         ; Medium             ; Medium             ;
; Disable Register Merging Across Hierarchies                                ; Auto               ; Auto               ;
; Resource Aware Inference For Block RAM                                     ; On                 ; On                 ;
; Synthesis Seed                                                             ; 1                  ; 1                  ;
+----------------------------------------------------------------------------+--------------------+--------------------+


Parallel compilation was disabled, but you have multiple processors available. Enable parallel compilation to reduce compilation time.
+-------------------------------------+
; Parallel Compilation                ;
+----------------------------+--------+
; Processors                 ; Number ;
+----------------------------+--------+
; Number detected on machine ; 4      ;
; Maximum allowed            ; 1      ;
+----------------------------+--------+


+-----------------------------------------------------------------------------------------------------------------------------------------------+
; Analysis & Synthesis Source Files Read                                                                                                        ;
+----------------------------------+-----------------+------------------------------------+-------------------------------------------+---------+
; File Name with User-Entered Path ; Used in Netlist ; File Type                          ; File Name with Absolute Path              ; Library ;
+----------------------------------+-----------------+------------------------------------+-------------------------------------------+---------+
; lab1.sv                          ; yes             ; Auto-Found SystemVerilog HDL File  ; /home/liviu/dev/utm/aa/lab1/build/lab1.sv ;         ;
+----------------------------------+-----------------+------------------------------------+-------------------------------------------+---------+


+---------------------------------------------+
; Analysis & Synthesis Resource Usage Summary ;
+--------------------------+------------------+
; Resource                 ; Usage            ;
+--------------------------+------------------+
; I/O pins                 ; 210              ;
; DSP block 9-bit elements ; 0                ;
; Maximum fan-out node     ; inputs[9][0]     ;
; Maximum fan-out          ; 1                ;
; Total fan-out            ; 210              ;
; Average fan-out          ; 0.50             ;
+--------------------------+------------------+


+-----------------------------------------------------------------------------------------------------------------------------------------------------------------------------------------+
; Analysis & Synthesis Resource Utilization by Entity                                                                                                                                     ;
+----------------------------+-------------------+--------------+-------------+--------------+---------+-----------+-----------+------+--------------+---------------------+--------------+
; Compilation Hierarchy Node ; LC Combinationals ; LC Registers ; Memory Bits ; DSP Elements ; DSP 9x9 ; DSP 18x18 ; DSP 36x36 ; Pins ; Virtual Pins ; Full Hierarchy Name ; Library Name ;
+----------------------------+-------------------+--------------+-------------+--------------+---------+-----------+-----------+------+--------------+---------------------+--------------+
; |lab1                      ; 0 (0)             ; 0 (0)        ; 0           ; 0            ; 0       ; 0         ; 0         ; 210  ; 0            ; |lab1               ; work         ;
+----------------------------+-------------------+--------------+-------------+--------------+---------+-----------+-----------+------+--------------+---------------------+--------------+
Note: For table entries with two numbers listed, the numbers in parentheses indicate the number of resources of the given type used by the specific entity alone. The numbers listed outside of parentheses indicate the total resources of the given type used by the specific entity and all of its sub-entities in the hierarchy.


+------------------------------------------------------+
; General Register Statistics                          ;
+----------------------------------------------+-------+
; Statistic                                    ; Value ;
+----------------------------------------------+-------+
; Total registers                              ; 0     ;
; Number of registers using Synchronous Clear  ; 0     ;
; Number of registers using Synchronous Load   ; 0     ;
; Number of registers using Asynchronous Clear ; 0     ;
; Number of registers using Asynchronous Load  ; 0     ;
; Number of registers using Clock Enable       ; 0     ;
; Number of registers using Preset             ; 0     ;
+----------------------------------------------+-------+


+----------------------------------------------------------------------+
; Parameter Settings for User Entity Instance: Top-level Entity: |lab1 ;
+----------------+-------+---------------------------------------------+
; Parameter Name ; Value ; Type                                        ;
+----------------+-------+---------------------------------------------+
; WIDTH          ; 10    ; Signed Integer                              ;
; NUM            ; 10    ; Signed Integer                              ;
+----------------+-------+---------------------------------------------+
Note: In order to hide this table in the UI and the text report file, please set the "Show Parameter Settings in Synthesis Report" option in "Analysis and Synthesis Settings -> More Settings" to "Off".


+-----------------------------------------------------------------------+
; Parameter Settings for User Entity Instance: multiplier:gen_muls[0].m ;
+----------------+-------+----------------------------------------------+
; Parameter Name ; Value ; Type                                         ;
+----------------+-------+----------------------------------------------+
; WIDTH          ; 10    ; Signed Integer                               ;
; NUM            ; 10    ; Signed Integer                               ;
+----------------+-------+----------------------------------------------+
Note: In order to hide this table in the UI and the text report file, please set the "Show Parameter Settings in Synthesis Report" option in "Analysis and Synthesis Settings -> More Settings" to "Off".


+-----------------------------------------------------------------------+
; Parameter Settings for User Entity Instance: multiplier:gen_muls[1].m ;
+----------------+-------+----------------------------------------------+
; Parameter Name ; Value ; Type                                         ;
+----------------+-------+----------------------------------------------+
; WIDTH          ; 10    ; Signed Integer                               ;
; NUM            ; 10    ; Signed Integer                               ;
+----------------+-------+----------------------------------------------+
Note: In order to hide this table in the UI and the text report file, please set the "Show Parameter Settings in Synthesis Report" option in "Analysis and Synthesis Settings -> More Settings" to "Off".


+-----------------------------------------------------------------------+
; Parameter Settings for User Entity Instance: multiplier:gen_muls[2].m ;
+----------------+-------+----------------------------------------------+
; Parameter Name ; Value ; Type                                         ;
+----------------+-------+----------------------------------------------+
; WIDTH          ; 10    ; Signed Integer                               ;
; NUM            ; 10    ; Signed Integer                               ;
+----------------+-------+----------------------------------------------+
Note: In order to hide this table in the UI and the text report file, please set the "Show Parameter Settings in Synthesis Report" option in "Analysis and Synthesis Settings -> More Settings" to "Off".


+-----------------------------------------------------------------------+
; Parameter Settings for User Entity Instance: multiplier:gen_muls[3].m ;
+----------------+-------+----------------------------------------------+
; Parameter Name ; Value ; Type                                         ;
+----------------+-------+----------------------------------------------+
; WIDTH          ; 10    ; Signed Integer                               ;
; NUM            ; 10    ; Signed Integer                               ;
+----------------+-------+----------------------------------------------+
Note: In order to hide this table in the UI and the text report file, please set the "Show Parameter Settings in Synthesis Report" option in "Analysis and Synthesis Settings -> More Settings" to "Off".


+-----------------------------------------------------------------------+
; Parameter Settings for User Entity Instance: multiplier:gen_muls[4].m ;
+----------------+-------+----------------------------------------------+
; Parameter Name ; Value ; Type                                         ;
+----------------+-------+----------------------------------------------+
; WIDTH          ; 10    ; Signed Integer                               ;
; NUM            ; 10    ; Signed Integer                               ;
+----------------+-------+----------------------------------------------+
Note: In order to hide this table in the UI and the text report file, please set the "Show Parameter Settings in Synthesis Report" option in "Analysis and Synthesis Settings -> More Settings" to "Off".


+-----------------------------------------------------------------------+
; Parameter Settings for User Entity Instance: multiplier:gen_muls[5].m ;
+----------------+-------+----------------------------------------------+
; Parameter Name ; Value ; Type                                         ;
+----------------+-------+----------------------------------------------+
; WIDTH          ; 10    ; Signed Integer                               ;
; NUM            ; 10    ; Signed Integer                               ;
+----------------+-------+----------------------------------------------+
Note: In order to hide this table in the UI and the text report file, please set the "Show Parameter Settings in Synthesis Report" option in "Analysis and Synthesis Settings -> More Settings" to "Off".


+-----------------------------------------------------------------------+
; Parameter Settings for User Entity Instance: multiplier:gen_muls[6].m ;
+----------------+-------+----------------------------------------------+
; Parameter Name ; Value ; Type                                         ;
+----------------+-------+----------------------------------------------+
; WIDTH          ; 10    ; Signed Integer                               ;
; NUM            ; 10    ; Signed Integer                               ;
+----------------+-------+----------------------------------------------+
Note: In order to hide this table in the UI and the text report file, please set the "Show Parameter Settings in Synthesis Report" option in "Analysis and Synthesis Settings -> More Settings" to "Off".


+-----------------------------------------------------------------------+
; Parameter Settings for User Entity Instance: multiplier:gen_muls[7].m ;
+----------------+-------+----------------------------------------------+
; Parameter Name ; Value ; Type                                         ;
+----------------+-------+----------------------------------------------+
; WIDTH          ; 10    ; Signed Integer                               ;
; NUM            ; 10    ; Signed Integer                               ;
+----------------+-------+----------------------------------------------+
Note: In order to hide this table in the UI and the text report file, please set the "Show Parameter Settings in Synthesis Report" option in "Analysis and Synthesis Settings -> More Settings" to "Off".


+-----------------------------------------------------------------------+
; Parameter Settings for User Entity Instance: multiplier:gen_muls[8].m ;
+----------------+-------+----------------------------------------------+
; Parameter Name ; Value ; Type                                         ;
+----------------+-------+----------------------------------------------+
; WIDTH          ; 10    ; Signed Integer                               ;
; NUM            ; 10    ; Signed Integer                               ;
+----------------+-------+----------------------------------------------+
Note: In order to hide this table in the UI and the text report file, please set the "Show Parameter Settings in Synthesis Report" option in "Analysis and Synthesis Settings -> More Settings" to "Off".


+-----------------------------------------------------------------------+
; Parameter Settings for User Entity Instance: multiplier:gen_muls[9].m ;
+----------------+-------+----------------------------------------------+
; Parameter Name ; Value ; Type                                         ;
+----------------+-------+----------------------------------------------+
; WIDTH          ; 10    ; Signed Integer                               ;
; NUM            ; 10    ; Signed Integer                               ;
+----------------+-------+----------------------------------------------+
Note: In order to hide this table in the UI and the text report file, please set the "Show Parameter Settings in Synthesis Report" option in "Analysis and Synthesis Settings -> More Settings" to "Off".


+---------------------------------------------------------+
; Parameter Settings for User Entity Instance: adder:x1_1 ;
+----------------+-------+--------------------------------+
; Parameter Name ; Value ; Type                           ;
+----------------+-------+--------------------------------+
; WIDTH          ; 10    ; Signed Integer                 ;
; NUM            ; 10    ; Signed Integer                 ;
+----------------+-------+--------------------------------+
Note: In order to hide this table in the UI and the text report file, please set the "Show Parameter Settings in Synthesis Report" option in "Analysis and Synthesis Settings -> More Settings" to "Off".


+---------------------------------------------------------+
; Parameter Settings for User Entity Instance: adder:x3_1 ;
+----------------+-------+--------------------------------+
; Parameter Name ; Value ; Type                           ;
+----------------+-------+--------------------------------+
; WIDTH          ; 10    ; Signed Integer                 ;
; NUM            ; 10    ; Signed Integer                 ;
+----------------+-------+--------------------------------+
Note: In order to hide this table in the UI and the text report file, please set the "Show Parameter Settings in Synthesis Report" option in "Analysis and Synthesis Settings -> More Settings" to "Off".


+---------------------------------------------------------+
; Parameter Settings for User Entity Instance: adder:x5_1 ;
+----------------+-------+--------------------------------+
; Parameter Name ; Value ; Type                           ;
+----------------+-------+--------------------------------+
; WIDTH          ; 10    ; Signed Integer                 ;
; NUM            ; 10    ; Signed Integer                 ;
+----------------+-------+--------------------------------+
Note: In order to hide this table in the UI and the text report file, please set the "Show Parameter Settings in Synthesis Report" option in "Analysis and Synthesis Settings -> More Settings" to "Off".


+---------------------------------------------------------+
; Parameter Settings for User Entity Instance: adder:x7_1 ;
+----------------+-------+--------------------------------+
; Parameter Name ; Value ; Type                           ;
+----------------+-------+--------------------------------+
; WIDTH          ; 10    ; Signed Integer                 ;
; NUM            ; 10    ; Signed Integer                 ;
+----------------+-------+--------------------------------+
Note: In order to hide this table in the UI and the text report file, please set the "Show Parameter Settings in Synthesis Report" option in "Analysis and Synthesis Settings -> More Settings" to "Off".


+---------------------------------------------------------+
; Parameter Settings for User Entity Instance: adder:x9_1 ;
+----------------+-------+--------------------------------+
; Parameter Name ; Value ; Type                           ;
+----------------+-------+--------------------------------+
; WIDTH          ; 10    ; Signed Integer                 ;
; NUM            ; 10    ; Signed Integer                 ;
+----------------+-------+--------------------------------+
Note: In order to hide this table in the UI and the text report file, please set the "Show Parameter Settings in Synthesis Report" option in "Analysis and Synthesis Settings -> More Settings" to "Off".


+----------------------------------------------------------+
; Parameter Settings for User Entity Instance: adder:x11_1 ;
+----------------+-------+---------------------------------+
; Parameter Name ; Value ; Type                            ;
+----------------+-------+---------------------------------+
; WIDTH          ; 10    ; Signed Integer                  ;
; NUM            ; 10    ; Signed Integer                  ;
+----------------+-------+---------------------------------+
Note: In order to hide this table in the UI and the text report file, please set the "Show Parameter Settings in Synthesis Report" option in "Analysis and Synthesis Settings -> More Settings" to "Off".


+----------------------------------------------------------+
; Parameter Settings for User Entity Instance: adder:x13_1 ;
+----------------+-------+---------------------------------+
; Parameter Name ; Value ; Type                            ;
+----------------+-------+---------------------------------+
; WIDTH          ; 10    ; Signed Integer                  ;
; NUM            ; 10    ; Signed Integer                  ;
+----------------+-------+---------------------------------+
Note: In order to hide this table in the UI and the text report file, please set the "Show Parameter Settings in Synthesis Report" option in "Analysis and Synthesis Settings -> More Settings" to "Off".


+----------------------------------------------------------+
; Parameter Settings for User Entity Instance: adder:x15_1 ;
+----------------+-------+---------------------------------+
; Parameter Name ; Value ; Type                            ;
+----------------+-------+---------------------------------+
; WIDTH          ; 10    ; Signed Integer                  ;
; NUM            ; 10    ; Signed Integer                  ;
+----------------+-------+---------------------------------+
Note: In order to hide this table in the UI and the text report file, please set the "Show Parameter Settings in Synthesis Report" option in "Analysis and Synthesis Settings -> More Settings" to "Off".


+---------------------------------------------------------+
; Parameter Settings for User Entity Instance: adder:x1_2 ;
+----------------+-------+--------------------------------+
; Parameter Name ; Value ; Type                           ;
+----------------+-------+--------------------------------+
; WIDTH          ; 10    ; Signed Integer                 ;
; NUM            ; 10    ; Signed Integer                 ;
+----------------+-------+--------------------------------+
Note: In order to hide this table in the UI and the text report file, please set the "Show Parameter Settings in Synthesis Report" option in "Analysis and Synthesis Settings -> More Settings" to "Off".


+---------------------------------------------------------+
; Parameter Settings for User Entity Instance: adder:x3_2 ;
+----------------+-------+--------------------------------+
; Parameter Name ; Value ; Type                           ;
+----------------+-------+--------------------------------+
; WIDTH          ; 10    ; Signed Integer                 ;
; NUM            ; 10    ; Signed Integer                 ;
+----------------+-------+--------------------------------+
Note: In order to hide this table in the UI and the text report file, please set the "Show Parameter Settings in Synthesis Report" option in "Analysis and Synthesis Settings -> More Settings" to "Off".


+---------------------------------------------------------+
; Parameter Settings for User Entity Instance: adder:x5_2 ;
+----------------+-------+--------------------------------+
; Parameter Name ; Value ; Type                           ;
+----------------+-------+--------------------------------+
; WIDTH          ; 10    ; Signed Integer                 ;
; NUM            ; 10    ; Signed Integer                 ;
+----------------+-------+--------------------------------+
Note: In order to hide this table in the UI and the text report file, please set the "Show Parameter Settings in Synthesis Report" option in "Analysis and Synthesis Settings -> More Settings" to "Off".


+---------------------------------------------------------+
; Parameter Settings for User Entity Instance: adder:x7_2 ;
+----------------+-------+--------------------------------+
; Parameter Name ; Value ; Type                           ;
+----------------+-------+--------------------------------+
; WIDTH          ; 10    ; Signed Integer                 ;
; NUM            ; 10    ; Signed Integer                 ;
+----------------+-------+--------------------------------+
Note: In order to hide this table in the UI and the text report file, please set the "Show Parameter Settings in Synthesis Report" option in "Analysis and Synthesis Settings -> More Settings" to "Off".


+---------------------------------------------------------+
; Parameter Settings for User Entity Instance: adder:x1_3 ;
+----------------+-------+--------------------------------+
; Parameter Name ; Value ; Type                           ;
+----------------+-------+--------------------------------+
; WIDTH          ; 10    ; Signed Integer                 ;
; NUM            ; 10    ; Signed Integer                 ;
+----------------+-------+--------------------------------+
Note: In order to hide this table in the UI and the text report file, please set the "Show Parameter Settings in Synthesis Report" option in "Analysis and Synthesis Settings -> More Settings" to "Off".


+---------------------------------------------------------+
; Parameter Settings for User Entity Instance: adder:x3_3 ;
+----------------+-------+--------------------------------+
; Parameter Name ; Value ; Type                           ;
+----------------+-------+--------------------------------+
; WIDTH          ; 10    ; Signed Integer                 ;
; NUM            ; 10    ; Signed Integer                 ;
+----------------+-------+--------------------------------+
Note: In order to hide this table in the UI and the text report file, please set the "Show Parameter Settings in Synthesis Report" option in "Analysis and Synthesis Settings -> More Settings" to "Off".


+---------------------------------------------------------+
; Parameter Settings for User Entity Instance: adder:x1_4 ;
+----------------+-------+--------------------------------+
; Parameter Name ; Value ; Type                           ;
+----------------+-------+--------------------------------+
; WIDTH          ; 10    ; Signed Integer                 ;
; NUM            ; 10    ; Signed Integer                 ;
+----------------+-------+--------------------------------+
Note: In order to hide this table in the UI and the text report file, please set the "Show Parameter Settings in Synthesis Report" option in "Analysis and Synthesis Settings -> More Settings" to "Off".


+---------------------------------------------------------+
; Parameter Settings for User Entity Instance: adder:x1_5 ;
+----------------+-------+--------------------------------+
; Parameter Name ; Value ; Type                           ;
+----------------+-------+--------------------------------+
; WIDTH          ; 10    ; Signed Integer                 ;
; NUM            ; 10    ; Signed Integer                 ;
+----------------+-------+--------------------------------+
Note: In order to hide this table in the UI and the text report file, please set the "Show Parameter Settings in Synthesis Report" option in "Analysis and Synthesis Settings -> More Settings" to "Off".


+-----------------------------------------------------+
; Parameter Settings for User Entity Instance: func:f ;
+----------------+-------+----------------------------+
; Parameter Name ; Value ; Type                       ;
+----------------+-------+----------------------------+
; WIDTH          ; 10    ; Signed Integer             ;
; NUM            ; 10    ; Signed Integer             ;
+----------------+-------+----------------------------+
Note: In order to hide this table in the UI and the text report file, please set the "Show Parameter Settings in Synthesis Report" option in "Analysis and Synthesis Settings -> More Settings" to "Off".


+----------------------------------------------------------------------------------------------------------------------------------------------------------------------+
; Port Connectivity Checks: "adder:x1_5"                                                                                                                               ;
+------+-------+----------+--------------------------------------------------------------------------------------------------------------------------------------------+
; Port ; Type  ; Severity ; Details                                                                                                                                    ;
+------+-------+----------+--------------------------------------------------------------------------------------------------------------------------------------------+
; b    ; Input ; Warning  ; Input port expression (1 bits) is smaller than the input port (10 bits) it drives.  Extra input bit(s) "b[9..1]" will be connected to GND. ;
+------+-------+----------+--------------------------------------------------------------------------------------------------------------------------------------------+


+----------------------------------------------------------------------------------------------------------------+
; Port Connectivity Checks: "multiplier:gen_muls[9].m"                                                           ;
+------+--------+----------+-------------------------------------------------------------------------------------+
; Port ; Type   ; Severity ; Details                                                                             ;
+------+--------+----------+-------------------------------------------------------------------------------------+
; res  ; Output ; Info     ; Connected to dangling logic. Logic that only feeds a dangling port will be removed. ;
+------+--------+----------+-------------------------------------------------------------------------------------+


+----------------------------------------------------------------------------------------------------------------+
; Port Connectivity Checks: "multiplier:gen_muls[8].m"                                                           ;
+------+--------+----------+-------------------------------------------------------------------------------------+
; Port ; Type   ; Severity ; Details                                                                             ;
+------+--------+----------+-------------------------------------------------------------------------------------+
; res  ; Output ; Info     ; Connected to dangling logic. Logic that only feeds a dangling port will be removed. ;
+------+--------+----------+-------------------------------------------------------------------------------------+


+----------------------------------------------------------------------------------------------------------------+
; Port Connectivity Checks: "multiplier:gen_muls[7].m"                                                           ;
+------+--------+----------+-------------------------------------------------------------------------------------+
; Port ; Type   ; Severity ; Details                                                                             ;
+------+--------+----------+-------------------------------------------------------------------------------------+
; res  ; Output ; Info     ; Connected to dangling logic. Logic that only feeds a dangling port will be removed. ;
+------+--------+----------+-------------------------------------------------------------------------------------+


+----------------------------------------------------------------------------------------------------------------+
; Port Connectivity Checks: "multiplier:gen_muls[6].m"                                                           ;
+------+--------+----------+-------------------------------------------------------------------------------------+
; Port ; Type   ; Severity ; Details                                                                             ;
+------+--------+----------+-------------------------------------------------------------------------------------+
; res  ; Output ; Info     ; Connected to dangling logic. Logic that only feeds a dangling port will be removed. ;
+------+--------+----------+-------------------------------------------------------------------------------------+


+----------------------------------------------------------------------------------------------------------------+
; Port Connectivity Checks: "multiplier:gen_muls[5].m"                                                           ;
+------+--------+----------+-------------------------------------------------------------------------------------+
; Port ; Type   ; Severity ; Details                                                                             ;
+------+--------+----------+-------------------------------------------------------------------------------------+
; res  ; Output ; Info     ; Connected to dangling logic. Logic that only feeds a dangling port will be removed. ;
+------+--------+----------+-------------------------------------------------------------------------------------+


+----------------------------------------------------------------------------------------------------------------+
; Port Connectivity Checks: "multiplier:gen_muls[4].m"                                                           ;
+------+--------+----------+-------------------------------------------------------------------------------------+
; Port ; Type   ; Severity ; Details                                                                             ;
+------+--------+----------+-------------------------------------------------------------------------------------+
; res  ; Output ; Info     ; Connected to dangling logic. Logic that only feeds a dangling port will be removed. ;
+------+--------+----------+-------------------------------------------------------------------------------------+


+----------------------------------------------------------------------------------------------------------------+
; Port Connectivity Checks: "multiplier:gen_muls[3].m"                                                           ;
+------+--------+----------+-------------------------------------------------------------------------------------+
; Port ; Type   ; Severity ; Details                                                                             ;
+------+--------+----------+-------------------------------------------------------------------------------------+
; res  ; Output ; Info     ; Connected to dangling logic. Logic that only feeds a dangling port will be removed. ;
+------+--------+----------+-------------------------------------------------------------------------------------+


+----------------------------------------------------------------------------------------------------------------+
; Port Connectivity Checks: "multiplier:gen_muls[2].m"                                                           ;
+------+--------+----------+-------------------------------------------------------------------------------------+
; Port ; Type   ; Severity ; Details                                                                             ;
+------+--------+----------+-------------------------------------------------------------------------------------+
; res  ; Output ; Info     ; Connected to dangling logic. Logic that only feeds a dangling port will be removed. ;
+------+--------+----------+-------------------------------------------------------------------------------------+


+----------------------------------------------------------------------------------------------------------------+
; Port Connectivity Checks: "multiplier:gen_muls[1].m"                                                           ;
+------+--------+----------+-------------------------------------------------------------------------------------+
; Port ; Type   ; Severity ; Details                                                                             ;
+------+--------+----------+-------------------------------------------------------------------------------------+
; res  ; Output ; Info     ; Connected to dangling logic. Logic that only feeds a dangling port will be removed. ;
+------+--------+----------+-------------------------------------------------------------------------------------+


+----------------------------------------------------------------------------------------------------------------+
; Port Connectivity Checks: "multiplier:gen_muls[0].m"                                                           ;
+------+--------+----------+-------------------------------------------------------------------------------------+
; Port ; Type   ; Severity ; Details                                                                             ;
+------+--------+----------+-------------------------------------------------------------------------------------+
; res  ; Output ; Info     ; Connected to dangling logic. Logic that only feeds a dangling port will be removed. ;
+------+--------+----------+-------------------------------------------------------------------------------------+


+-------------------------------+
; Elapsed Time Per Partition    ;
+----------------+--------------+
; Partition Name ; Elapsed Time ;
+----------------+--------------+
; Top            ; 00:00:00     ;
+----------------+--------------+


+-------------------------------+
; Analysis & Synthesis Messages ;
+-------------------------------+
Info: *******************************************************************
Info: Running Quartus II 64-Bit Analysis & Synthesis
    Info: Version 13.0.1 Build 232 06/12/2013 Service Pack 1 SJ Web Edition
    Info: Processing started: Thu Sep 21 10:28:06 2017
Info: Command: quartus_map --read_settings_files=on --write_settings_files=off lab1 -c lab1
Info (20029): Only one processor detected - disabling parallel compilation
Warning (12125): Using design file lab1.sv, which is not specified as a design file for the current project, but contains definitions for 4 design units and 4 entities in project
    Info (12023): Found entity 1: multiplier
    Info (12023): Found entity 2: adder
    Info (12023): Found entity 3: func
    Info (12023): Found entity 4: lab1
Warning (10236): Verilog HDL Implicit Net warning at lab1.sv(180): created implicit net for "t17_1"
Info (12127): Elaborating entity "lab1" for the top level hierarchy
Info (12128): Elaborating entity "multiplier" for hierarchy "multiplier:gen_muls[0].m"
Info (12128): Elaborating entity "adder" for hierarchy "adder:x1_1"
Info (12128): Elaborating entity "func" for hierarchy "func:f"
Warning (12241): 1 hierarchies have connectivity warnings - see the Connectivity Checks report folder
Warning (13024): Output pins are stuck at VCC or GND
    Warning (13410): Pin "out[0]" is stuck at GND
    Warning (13410): Pin "out[1]" is stuck at GND
    Warning (13410): Pin "out[2]" is stuck at GND
    Warning (13410): Pin "out[3]" is stuck at GND
    Warning (13410): Pin "out[4]" is stuck at GND
    Warning (13410): Pin "out[5]" is stuck at GND
    Warning (13410): Pin "out[6]" is stuck at GND
    Warning (13410): Pin "out[7]" is stuck at GND
    Warning (13410): Pin "out[8]" is stuck at GND
    Warning (13410): Pin "out[9]" is stuck at GND
Info (16010): Generating hard_block partition "hard_block:auto_generated_inst"
    Info (16011): Adding 0 node(s), including 0 DDIO, 0 PLL, 0 transceiver and 0 LCELL
Warning (21074): Design contains 200 input pin(s) that do not drive logic
    Warning (15610): No output dependent on input pin "inputs[9][0]"
    Warning (15610): No output dependent on input pin "inputs[9][1]"
    Warning (15610): No output dependent on input pin "inputs[9][2]"
    Warning (15610): No output dependent on input pin "inputs[9][3]"
    Warning (15610): No output dependent on input pin "inputs[9][4]"
    Warning (15610): No output dependent on input pin "inputs[9][5]"
    Warning (15610): No output dependent on input pin "inputs[9][6]"
    Warning (15610): No output dependent on input pin "inputs[9][7]"
    Warning (15610): No output dependent on input pin "inputs[9][8]"
    Warning (15610): No output dependent on input pin "inputs[9][9]"
    Warning (15610): No output dependent on input pin "inputs[8][0]"
    Warning (15610): No output dependent on input pin "inputs[8][1]"
    Warning (15610): No output dependent on input pin "inputs[8][2]"
    Warning (15610): No output dependent on input pin "inputs[8][3]"
    Warning (15610): No output dependent on input pin "inputs[8][4]"
    Warning (15610): No output dependent on input pin "inputs[8][5]"
    Warning (15610): No output dependent on input pin "inputs[8][6]"
    Warning (15610): No output dependent on input pin "inputs[8][7]"
    Warning (15610): No output dependent on input pin "inputs[8][8]"
    Warning (15610): No output dependent on input pin "inputs[8][9]"
    Warning (15610): No output dependent on input pin "inputs[7][0]"
    Warning (15610): No output dependent on input pin "inputs[7][1]"
    Warning (15610): No output dependent on input pin "inputs[7][2]"
    Warning (15610): No output dependent on input pin "inputs[7][3]"
    Warning (15610): No output dependent on input pin "inputs[7][4]"
    Warning (15610): No output dependent on input pin "inputs[7][5]"
    Warning (15610): No output dependent on input pin "inputs[7][6]"
    Warning (15610): No output dependent on input pin "inputs[7][7]"
    Warning (15610): No output dependent on input pin "inputs[7][8]"
    Warning (15610): No output dependent on input pin "inputs[7][9]"
    Warning (15610): No output dependent on input pin "inputs[6][0]"
    Warning (15610): No output dependent on input pin "inputs[6][1]"
    Warning (15610): No output dependent on input pin "inputs[6][2]"
    Warning (15610): No output dependent on input pin "inputs[6][3]"
    Warning (15610): No output dependent on input pin "inputs[6][4]"
    Warning (15610): No output dependent on input pin "inputs[6][5]"
    Warning (15610): No output dependent on input pin "inputs[6][6]"
    Warning (15610): No output dependent on input pin "inputs[6][7]"
    Warning (15610): No output dependent on input pin "inputs[6][8]"
    Warning (15610): No output dependent on input pin "inputs[6][9]"
    Warning (15610): No output dependent on input pin "inputs[5][0]"
    Warning (15610): No output dependent on input pin "inputs[5][1]"
    Warning (15610): No output dependent on input pin "inputs[5][2]"
    Warning (15610): No output dependent on input pin "inputs[5][3]"
    Warning (15610): No output dependent on input pin "inputs[5][4]"
    Warning (15610): No output dependent on input pin "inputs[5][5]"
    Warning (15610): No output dependent on input pin "inputs[5][6]"
    Warning (15610): No output dependent on input pin "inputs[5][7]"
    Warning (15610): No output dependent on input pin "inputs[5][8]"
    Warning (15610): No output dependent on input pin "inputs[5][9]"
    Warning (15610): No output dependent on input pin "inputs[4][0]"
    Warning (15610): No output dependent on input pin "inputs[4][1]"
    Warning (15610): No output dependent on input pin "inputs[4][2]"
    Warning (15610): No output dependent on input pin "inputs[4][3]"
    Warning (15610): No output dependent on input pin "inputs[4][4]"
    Warning (15610): No output dependent on input pin "inputs[4][5]"
    Warning (15610): No output dependent on input pin "inputs[4][6]"
    Warning (15610): No output dependent on input pin "inputs[4][7]"
    Warning (15610): No output dependent on input pin "inputs[4][8]"
    Warning (15610): No output dependent on input pin "inputs[4][9]"
    Warning (15610): No output dependent on input pin "inputs[3][0]"
    Warning (15610): No output dependent on input pin "inputs[3][1]"
    Warning (15610): No output dependent on input pin "inputs[3][2]"
    Warning (15610): No output dependent on input pin "inputs[3][3]"
    Warning (15610): No output dependent on input pin "inputs[3][4]"
    Warning (15610): No output dependent on input pin "inputs[3][5]"
    Warning (15610): No output dependent on input pin "inputs[3][6]"
    Warning (15610): No output dependent on input pin "inputs[3][7]"
    Warning (15610): No output dependent on input pin "inputs[3][8]"
    Warning (15610): No output dependent on input pin "inputs[3][9]"
    Warning (15610): No output dependent on input pin "inputs[2][0]"
    Warning (15610): No output dependent on input pin "inputs[2][1]"
    Warning (15610): No output dependent on input pin "inputs[2][2]"
    Warning (15610): No output dependent on input pin "inputs[2][3]"
    Warning (15610): No output dependent on input pin "inputs[2][4]"
    Warning (15610): No output dependent on input pin "inputs[2][5]"
    Warning (15610): No output dependent on input pin "inputs[2][6]"
    Warning (15610): No output dependent on input pin "inputs[2][7]"
    Warning (15610): No output dependent on input pin "inputs[2][8]"
    Warning (15610): No output dependent on input pin "inputs[2][9]"
    Warning (15610): No output dependent on input pin "inputs[1][0]"
    Warning (15610): No output dependent on input pin "inputs[1][1]"
    Warning (15610): No output dependent on input pin "inputs[1][2]"
    Warning (15610): No output dependent on input pin "inputs[1][3]"
    Warning (15610): No output dependent on input pin "inputs[1][4]"
    Warning (15610): No output dependent on input pin "inputs[1][5]"
    Warning (15610): No output dependent on input pin "inputs[1][6]"
    Warning (15610): No output dependent on input pin "inputs[1][7]"
    Warning (15610): No output dependent on input pin "inputs[1][8]"
    Warning (15610): No output dependent on input pin "inputs[1][9]"
    Warning (15610): No output dependent on input pin "inputs[0][0]"
    Warning (15610): No output dependent on input pin "inputs[0][1]"
    Warning (15610): No output dependent on input pin "inputs[0][2]"
    Warning (15610): No output dependent on input pin "inputs[0][3]"
    Warning (15610): No output dependent on input pin "inputs[0][4]"
    Warning (15610): No output dependent on input pin "inputs[0][5]"
    Warning (15610): No output dependent on input pin "inputs[0][6]"
    Warning (15610): No output dependent on input pin "inputs[0][7]"
    Warning (15610): No output dependent on input pin "inputs[0][8]"
    Warning (15610): No output dependent on input pin "inputs[0][9]"
    Warning (15610): No output dependent on input pin "weights[9][0]"
    Warning (15610): No output dependent on input pin "weights[9][1]"
    Warning (15610): No output dependent on input pin "weights[9][2]"
    Warning (15610): No output dependent on input pin "weights[9][3]"
    Warning (15610): No output dependent on input pin "weights[9][4]"
    Warning (15610): No output dependent on input pin "weights[9][5]"
    Warning (15610): No output dependent on input pin "weights[9][6]"
    Warning (15610): No output dependent on input pin "weights[9][7]"
    Warning (15610): No output dependent on input pin "weights[9][8]"
    Warning (15610): No output dependent on input pin "weights[9][9]"
    Warning (15610): No output dependent on input pin "weights[8][0]"
    Warning (15610): No output dependent on input pin "weights[8][1]"
    Warning (15610): No output dependent on input pin "weights[8][2]"
    Warning (15610): No output dependent on input pin "weights[8][3]"
    Warning (15610): No output dependent on input pin "weights[8][4]"
    Warning (15610): No output dependent on input pin "weights[8][5]"
    Warning (15610): No output dependent on input pin "weights[8][6]"
    Warning (15610): No output dependent on input pin "weights[8][7]"
    Warning (15610): No output dependent on input pin "weights[8][8]"
    Warning (15610): No output dependent on input pin "weights[8][9]"
    Warning (15610): No output dependent on input pin "weights[7][0]"
    Warning (15610): No output dependent on input pin "weights[7][1]"
    Warning (15610): No output dependent on input pin "weights[7][2]"
    Warning (15610): No output dependent on input pin "weights[7][3]"
    Warning (15610): No output dependent on input pin "weights[7][4]"
    Warning (15610): No output dependent on input pin "weights[7][5]"
    Warning (15610): No output dependent on input pin "weights[7][6]"
    Warning (15610): No output dependent on input pin "weights[7][7]"
    Warning (15610): No output dependent on input pin "weights[7][8]"
    Warning (15610): No output dependent on input pin "weights[7][9]"
    Warning (15610): No output dependent on input pin "weights[6][0]"
    Warning (15610): No output dependent on input pin "weights[6][1]"
    Warning (15610): No output dependent on input pin "weights[6][2]"
    Warning (15610): No output dependent on input pin "weights[6][3]"
    Warning (15610): No output dependent on input pin "weights[6][4]"
    Warning (15610): No output dependent on input pin "weights[6][5]"
    Warning (15610): No output dependent on input pin "weights[6][6]"
    Warning (15610): No output dependent on input pin "weights[6][7]"
    Warning (15610): No output dependent on input pin "weights[6][8]"
    Warning (15610): No output dependent on input pin "weights[6][9]"
    Warning (15610): No output dependent on input pin "weights[5][0]"
    Warning (15610): No output dependent on input pin "weights[5][1]"
    Warning (15610): No output dependent on input pin "weights[5][2]"
    Warning (15610): No output dependent on input pin "weights[5][3]"
    Warning (15610): No output dependent on input pin "weights[5][4]"
    Warning (15610): No output dependent on input pin "weights[5][5]"
    Warning (15610): No output dependent on input pin "weights[5][6]"
    Warning (15610): No output dependent on input pin "weights[5][7]"
    Warning (15610): No output dependent on input pin "weights[5][8]"
    Warning (15610): No output dependent on input pin "weights[5][9]"
    Warning (15610): No output dependent on input pin "weights[4][0]"
    Warning (15610): No output dependent on input pin "weights[4][1]"
    Warning (15610): No output dependent on input pin "weights[4][2]"
    Warning (15610): No output dependent on input pin "weights[4][3]"
    Warning (15610): No output dependent on input pin "weights[4][4]"
    Warning (15610): No output dependent on input pin "weights[4][5]"
    Warning (15610): No output dependent on input pin "weights[4][6]"
    Warning (15610): No output dependent on input pin "weights[4][7]"
    Warning (15610): No output dependent on input pin "weights[4][8]"
    Warning (15610): No output dependent on input pin "weights[4][9]"
    Warning (15610): No output dependent on input pin "weights[3][0]"
    Warning (15610): No output dependent on input pin "weights[3][1]"
    Warning (15610): No output dependent on input pin "weights[3][2]"
    Warning (15610): No output dependent on input pin "weights[3][3]"
    Warning (15610): No output dependent on input pin "weights[3][4]"
    Warning (15610): No output dependent on input pin "weights[3][5]"
    Warning (15610): No output dependent on input pin "weights[3][6]"
    Warning (15610): No output dependent on input pin "weights[3][7]"
    Warning (15610): No output dependent on input pin "weights[3][8]"
    Warning (15610): No output dependent on input pin "weights[3][9]"
    Warning (15610): No output dependent on input pin "weights[2][0]"
    Warning (15610): No output dependent on input pin "weights[2][1]"
    Warning (15610): No output dependent on input pin "weights[2][2]"
    Warning (15610): No output dependent on input pin "weights[2][3]"
    Warning (15610): No output dependent on input pin "weights[2][4]"
    Warning (15610): No output dependent on input pin "weights[2][5]"
    Warning (15610): No output dependent on input pin "weights[2][6]"
    Warning (15610): No output dependent on input pin "weights[2][7]"
    Warning (15610): No output dependent on input pin "weights[2][8]"
    Warning (15610): No output dependent on input pin "weights[2][9]"
    Warning (15610): No output dependent on input pin "weights[1][0]"
    Warning (15610): No output dependent on input pin "weights[1][1]"
    Warning (15610): No output dependent on input pin "weights[1][2]"
    Warning (15610): No output dependent on input pin "weights[1][3]"
    Warning (15610): No output dependent on input pin "weights[1][4]"
    Warning (15610): No output dependent on input pin "weights[1][5]"
    Warning (15610): No output dependent on input pin "weights[1][6]"
    Warning (15610): No output dependent on input pin "weights[1][7]"
    Warning (15610): No output dependent on input pin "weights[1][8]"
    Warning (15610): No output dependent on input pin "weights[1][9]"
    Warning (15610): No output dependent on input pin "weights[0][0]"
    Warning (15610): No output dependent on input pin "weights[0][1]"
    Warning (15610): No output dependent on input pin "weights[0][2]"
    Warning (15610): No output dependent on input pin "weights[0][3]"
    Warning (15610): No output dependent on input pin "weights[0][4]"
    Warning (15610): No output dependent on input pin "weights[0][5]"
    Warning (15610): No output dependent on input pin "weights[0][6]"
    Warning (15610): No output dependent on input pin "weights[0][7]"
    Warning (15610): No output dependent on input pin "weights[0][8]"
    Warning (15610): No output dependent on input pin "weights[0][9]"
Info (21057): Implemented 210 device resources after synthesis - the final resource count might be different
    Info (21058): Implemented 200 input pins
    Info (21059): Implemented 10 output pins
Info: Quartus II 64-Bit Analysis & Synthesis was successful. 0 errors, 215 warnings
    Info: Peak virtual memory: 674 megabytes
    Info: Processing ended: Thu Sep 21 10:28:09 2017
    Info: Elapsed time: 00:00:03
    Info: Total CPU time (on all processors): 00:00:03


