Flow report for lab1
Thu Sep 21 10:29:00 2017
Quartus II 64-Bit Version 13.0.1 Build 232 06/12/2013 Service Pack 1 SJ Web Edition


---------------------
; Table of Contents ;
---------------------
  1. Legal Notice
  2. Flow Summary
  3. Flow Settings
  4. Flow Non-Default Global Settings
  5. Flow Elapsed Time
  6. Flow OS Summary
  7. Flow Log
  8. Flow Messages
  9. Flow Suppressed Messages



----------------
; Legal Notice ;
----------------
Copyright (C) 1991-2013 Altera Corporation
Your use of Altera Corporation's design tools, logic functions 
and other software and tools, and its AMPP partner logic 
functions, and any output files from any of the foregoing 
(including device programming or simulation files), and any 
associated documentation or information are expressly subject 
to the terms and conditions of the Altera Program License 
Subscription Agreement, Altera MegaCore Function License 
Agreement, or other applicable license agreement, including, 
without limitation, that your use is for the sole purpose of 
programming logic devices manufactured by Altera and sold by 
Altera or its authorized distributors.  Please refer to the 
applicable agreement for further details.



+--------------------------------------------------------------------------------------+
; Flow Summary                                                                         ;
+------------------------------------+-------------------------------------------------+
; Flow Status                        ; Successful - Thu Sep 21 10:28:50 2017           ;
; Quartus II 64-Bit Version          ; 13.0.1 Build 232 06/12/2013 SP 1 SJ Web Edition ;
; Revision Name                      ; lab1                                            ;
; Top-level Entity Name              ; lab1                                            ;
; Family                             ; Cyclone IV GX                                   ;
; Total logic elements               ; 0 / 29,440 ( 0 % )                              ;
;     Total combinational functions  ; 0 / 29,440 ( 0 % )                              ;
;     Dedicated logic registers      ; 0 / 29,440 ( 0 % )                              ;
; Total registers                    ; 0                                               ;
; Total pins                         ; 210 / 307 ( 68 % )                              ;
; Total virtual pins                 ; 0                                               ;
; Total memory bits                  ; 0 / 1,105,920 ( 0 % )                           ;
; Embedded Multiplier 9-bit elements ; 0 / 160 ( 0 % )                                 ;
; Total GXB Receiver Channel PCS     ; 0 / 4 ( 0 % )                                   ;
; Total GXB Receiver Channel PMA     ; 0 / 4 ( 0 % )                                   ;
; Total GXB Transmitter Channel PCS  ; 0 / 4 ( 0 % )                                   ;
; Total GXB Transmitter Channel PMA  ; 0 / 4 ( 0 % )                                   ;
; Total PLLs                         ; 0 / 6 ( 0 % )                                   ;
; Device                             ; EP4CGX30CF23C6                                  ;
; Timing Models                      ; Final                                           ;
+------------------------------------+-------------------------------------------------+


+-----------------------------------------+
; Flow Settings                           ;
+-------------------+---------------------+
; Option            ; Setting             ;
+-------------------+---------------------+
; Start date & time ; 09/21/2017 10:28:07 ;
; Main task         ; Compilation         ;
; Revision Name     ; lab1                ;
+-------------------+---------------------+


+--------------------------------------------------------------------------------------------------------+
; Flow Non-Default Global Settings                                                                       ;
+-------------------------------------+-----------------------+---------------+-------------+------------+
; Assignment Name                     ; Value                 ; Default Value ; Entity Name ; Section Id ;
+-------------------------------------+-----------------------+---------------+-------------+------------+
; COMPILER_SIGNATURE_ID               ; 0.150597888711182     ; --            ; --          ; --         ;
; PARTITION_COLOR                     ; 16764057              ; --            ; --          ; Top        ;
; PARTITION_FITTER_PRESERVATION_LEVEL ; PLACEMENT_AND_ROUTING ; --            ; --          ; Top        ;
; PARTITION_NETLIST_TYPE              ; SOURCE                ; --            ; --          ; Top        ;
+-------------------------------------+-----------------------+---------------+-------------+------------+


+-------------------------------------------------------------------------------------------------------------------------------+
; Flow Elapsed Time                                                                                                             ;
+---------------------------+--------------+-------------------------+---------------------+------------------------------------+
; Module Name               ; Elapsed Time ; Average Processors Used ; Peak Virtual Memory ; Total CPU Time (on all processors) ;
+---------------------------+--------------+-------------------------+---------------------+------------------------------------+
; Analysis & Synthesis      ; 00:00:02     ; 1.0                     ; 627 MB              ; 00:00:02                           ;
; Fitter                    ; 00:00:21     ; 1.0                     ; 894 MB              ; 00:00:22                           ;
; Assembler                 ; 00:00:08     ; 1.0                     ; 630 MB              ; 00:00:07                           ;
; TimeQuest Timing Analyzer ; 00:00:04     ; 1.0                     ; 627 MB              ; 00:00:04                           ;
; Total                     ; 00:00:35     ; --                      ; --                  ; 00:00:35                           ;
+---------------------------+--------------+-------------------------+---------------------+------------------------------------+


+-----------------------------------------------------------------------------------------+
; Flow OS Summary                                                                         ;
+---------------------------+------------------+------------+------------+----------------+
; Module Name               ; Machine Hostname ; OS Name    ; OS Version ; Processor type ;
+---------------------------+------------------+------------+------------+----------------+
; Analysis & Synthesis      ; tank             ; Arch Linux ; Arch Linux ; x86_64         ;
; Fitter                    ; tank             ; Arch Linux ; Arch Linux ; x86_64         ;
; Assembler                 ; tank             ; Arch Linux ; Arch Linux ; x86_64         ;
; TimeQuest Timing Analyzer ; tank             ; Arch Linux ; Arch Linux ; x86_64         ;
+---------------------------+------------------+------------+------------+----------------+


------------
; Flow Log ;
------------
quartus_map --read_settings_files=on --write_settings_files=off lab1 -c lab1
quartus_fit --read_settings_files=off --write_settings_files=off lab1 -c lab1
quartus_asm --read_settings_files=off --write_settings_files=off lab1 -c lab1
quartus_sta lab1 -c lab1



